-------------------------------------------------------------------------------
Test set: TestSuite
-------------------------------------------------------------------------------
Tests run: 4, Failures: 1, Errors: 0, Skipped: 0, Time elapsed: 85.663 s <<< FAILURE! - in TestSuite
runScenario(runner.TestProjRunner)  Time elapsed: 22.373 s  <<< FAILURE!
java.lang.AssertionError: expected [b] but found [a]

